<?xml version="1.0" encoding="UTF-8"?>
<!-- Generated by org.testng.reporters.JUnitReportReporter -->
<testsuite skipped="0" hostname="shambibs" name="com.training.sanity.tests.LoginTests" tests="1" failures="0" timestamp="20 Dec 2018 09:12:49 GMT" time="17.158" errors="0">
  <testcase name="deletereturnorders" time="17.158" classname="com.training.sanity.tests.LoginTests"/>
</testsuite> <!-- com.training.sanity.tests.LoginTests -->
