<?xml version="1.0" encoding="UTF-8"?>
<!-- Generated by org.testng.reporters.JUnitReportReporter -->
<testsuite skipped="0" hostname="shambibs" name="com.training.sanity.tests.RTTC_048" tests="1" failures="0" timestamp="02 Jan 2019 08:02:51 GMT" time="31.037" errors="0">
  <testcase name="validLoginTest" time="31.037" classname="com.training.sanity.tests.RTTC_048"/>
</testsuite> <!-- com.training.sanity.tests.RTTC_048 -->
