<?xml version="1.0" encoding="UTF-8"?>
<!-- Generated by org.testng.reporters.JUnitReportReporter -->
<testsuite skipped="0" hostname="shambibs" name="com.training.sanity.tests.LoginforCustomers_RTTC_020" tests="1" failures="0" timestamp="21 Dec 2018 06:53:20 GMT" time="38.110" errors="0">
  <testcase name="customersTest" time="38.110" classname="com.training.sanity.tests.LoginforCustomers_RTTC_020"/>
</testsuite> <!-- com.training.sanity.tests.LoginforCustomers_RTTC_020 -->
