<?xml version="1.0" encoding="UTF-8"?>
<!-- Generated by org.testng.reporters.JUnitReportReporter -->
<testsuite skipped="0" hostname="shambibs" name="com.training.sanity.tests.RTTC_046_change_order_placed_by_customer" tests="1" failures="0" timestamp="03 Jan 2019 04:21:41 GMT" time="18.330" errors="0">
  <testcase name="validLoginTest" time="18.330" classname="com.training.sanity.tests.RTTC_046_change_order_placed_by_customer"/>
</testsuite> <!-- com.training.sanity.tests.RTTC_046_change_order_placed_by_customer -->
