<?xml version="1.0" encoding="UTF-8"?>
<!-- Generated by org.testng.reporters.JUnitReportReporter -->
<testsuite skipped="0" hostname="shambibs" name="com.training.sanity.tests.LoginTests" tests="1" failures="0" timestamp="19 Dec 2018 08:00:20 GMT" time="20.323" errors="0">
  <testcase name="validLoginTest" time="20.323" classname="com.training.sanity.tests.LoginTests"/>
</testsuite> <!-- com.training.sanity.tests.LoginTests -->
