<?xml version="1.0" encoding="UTF-8"?>
<!-- Generated by org.testng.reporters.JUnitReportReporter -->
<testsuite skipped="0" hostname="shambibs" name="com.training.sanity.tests.Login_filterdetailsforOrders_RTTC_047" tests="1" failures="0" timestamp="31 Dec 2018 09:43:59 GMT" time="26.746" errors="0">
  <testcase name="validLoginTest" time="26.746" classname="com.training.sanity.tests.Login_filterdetailsforOrders_RTTC_047"/>
</testsuite> <!-- com.training.sanity.tests.Login_filterdetailsforOrders_RTTC_047 -->
