<?xml version="1.0" encoding="UTF-8"?>
<!-- Generated by org.testng.reporters.JUnitReportReporter -->
<testsuite skipped="0" hostname="shambibs" name="com.training.sanity.tests.Ordertodelete_RTTC_015" tests="1" failures="0" timestamp="24 Dec 2018 07:17:40 GMT" time="15.884" errors="0">
  <testcase name="deleteorder" time="15.884" classname="com.training.sanity.tests.Ordertodelete_RTTC_015"/>
</testsuite> <!-- com.training.sanity.tests.Ordertodelete_RTTC_015 -->
