<?xml version="1.0" encoding="UTF-8"?>
<!-- Generated by org.testng.reporters.JUnitReportReporter -->
<testsuite skipped="0" hostname="shambibs" name="com.training.sanity.tests.RTTC_048" tests="1" failures="0" timestamp="28 Dec 2018 09:57:04 GMT" time="41.067" errors="0">
  <testcase name="validLoginTest" time="41.067" classname="com.training.sanity.tests.RTTC_048"/>
</testsuite> <!-- com.training.sanity.tests.RTTC_048 -->
