<?xml version="1.0" encoding="UTF-8"?>
<!-- Generated by org.testng.reporters.JUnitReportReporter -->
<testsuite skipped="0" hostname="shambibs" name="com.training.sanity.tests.LoginforReturns_RTTC_018" tests="1" failures="0" timestamp="03 Jan 2019 06:38:05 GMT" time="44.926" errors="0">
  <testcase name="returnsTest" time="44.926" classname="com.training.sanity.tests.LoginforReturns_RTTC_018"/>
</testsuite> <!-- com.training.sanity.tests.LoginforReturns_RTTC_018 -->
