<?xml version="1.0" encoding="UTF-8"?>
<!-- Generated by org.testng.reporters.JUnitReportReporter -->
<testsuite skipped="0" hostname="shambibs" name="com.training.sanity.tests.RTTC_049_add_delete_returns" tests="1" failures="0" timestamp="28 Dec 2018 10:55:11 GMT" time="37.972" errors="0">
  <testcase name="returnsTest" time="37.972" classname="com.training.sanity.tests.RTTC_049_add_delete_returns"/>
</testsuite> <!-- com.training.sanity.tests.RTTC_049_add_delete_returns -->
