<?xml version="1.0" encoding="UTF-8"?>
<!-- Generated by org.testng.reporters.JUnitReportReporter -->
<testsuite skipped="0" hostname="shambibs" name="com.training.sanity.tests.LoginforReturns_RTTC_017" tests="1" failures="0" timestamp="21 Dec 2018 06:57:06 GMT" time="19.104" errors="0">
  <testcase name="returnsTest" time="19.104" classname="com.training.sanity.tests.LoginforReturns_RTTC_017"/>
</testsuite> <!-- com.training.sanity.tests.LoginforReturns_RTTC_017 -->
