<?xml version="1.0" encoding="UTF-8"?>
<!-- Generated by org.testng.reporters.JUnitReportReporter -->
<testsuite skipped="0" hostname="shambibs" name="com.training.sanity.tests.RTTC_050_edit_add_customers" tests="1" failures="0" timestamp="31 Dec 2018 09:54:09 GMT" time="53.494" errors="0">
  <testcase name="customersTest" time="53.494" classname="com.training.sanity.tests.RTTC_050_edit_add_customers"/>
</testsuite> <!-- com.training.sanity.tests.RTTC_050_edit_add_customers -->
